2017-03-19 18:09:19 [127.0.0.1][-][-][error][yii\web\HttpException:404] exception 'yii\base\InvalidRouteException' with message 'Unable to resolve the request "".' in W:\domains\lizadent\vendor\yiisoft\yii2\base\Module.php:532
Stack trace:
#0 W:\domains\lizadent\vendor\yiisoft\yii2\web\Application.php(102): yii\base\Module->runAction('', Array)
#1 W:\domains\lizadent\vendor\yiisoft\yii2\base\Application.php(380): yii\web\Application->handleRequest(Object(yii\web\Request))
#2 W:\domains\lizadent\web\index.php(12): yii\base\Application->run()
#3 {main}

Next exception 'yii\web\NotFoundHttpException' with message 'Page not found.' in W:\domains\lizadent\vendor\yiisoft\yii2\web\Application.php:114
Stack trace:
#0 W:\domains\lizadent\vendor\yiisoft\yii2\base\Application.php(380): yii\web\Application->handleRequest(Object(yii\web\Request))
#1 W:\domains\lizadent\web\index.php(12): yii\base\Application->run()
#2 {main}
2017-03-19 18:09:19 [127.0.0.1][-][-][info][application] $_COOKIE = [
    '_csrf' => 'd88f0fabaf98a205de8121465400f5d449ecde160a45a0b10e59ce2df7d8c21ca:2:{i:0;s:5:\"_csrf\";i:1;s:32:\"OJHuLqHa62w-JaQdIw97Tzrzq8M5kDqI\";}'
]

$_SERVER = [
    'HTTP_HOST' => 'lizadent'
    'HTTP_CONNECTION' => 'keep-alive'
    'HTTP_CACHE_CONTROL' => 'max-age=0'
    'HTTP_UPGRADE_INSECURE_REQUESTS' => '1'
    'HTTP_USER_AGENT' => 'Mozilla/5.0 (Windows NT 6.1) AppleWebKit/537.36 (KHTML, like Gecko) Chrome/56.0.2924.87 Safari/537.36'
    'HTTP_ACCEPT' => 'text/html,application/xhtml+xml,application/xml;q=0.9,image/webp,*/*;q=0.8'
    'HTTP_REFERER' => 'http://lizadent/web/site/about'
    'HTTP_ACCEPT_ENCODING' => 'gzip, deflate, sdch'
    'HTTP_ACCEPT_LANGUAGE' => 'ru-RU,ru;q=0.8,en-US;q=0.6,en;q=0.4'
    'HTTP_COOKIE' => '_csrf=d88f0fabaf98a205de8121465400f5d449ecde160a45a0b10e59ce2df7d8c21ca%3A2%3A%7Bi%3A0%3Bs%3A5%3A%22_csrf%22%3Bi%3A1%3Bs%3A32%3A%22OJHuLqHa62w-JaQdIw97Tzrzq8M5kDqI%22%3B%7D'
    'PATH' => 'w:\\modules\\php\\PHP-5.6\\ext;w:\\modules\\php\\PHP-5.6\\pear;w:\\modules\\php\\PHP-5.6\\pear\\bin;w:\\modules\\php\\PHP-5.6;w:\\modules\\imagemagick;w:\\modules\\wget\\bin;w:\\modules\\git;w:\\modules\\git\\bin;w:\\modules\\git\\mingw\\bin;w:\\modules\\git\\cmd;w:\\modules\\database\\MySQL-5.5\\bin;w:\\modules\\http\\Apache-2.4\\bin;w:\\modules\\http\\Apache-2.4;C:\\Windows\\system32;C:\\Windows;C:\\Windows\\system32\\Wbem'
    'SystemRoot' => 'C:\\Windows'
    'COMSPEC' => 'C:\\Windows\\system32\\cmd.exe'
    'PATHEXT' => '.COM;.EXE;.BAT;.CMD;.VBS;.VBE;.JS;.JSE;.WSF;.WSH;.MSC;.RB;.RBW'
    'WINDIR' => 'C:\\Windows'
    'SERVER_SIGNATURE' => ''
    'SERVER_SOFTWARE' => 'Apache'
    'SERVER_NAME' => 'lizadent'
    'SERVER_ADDR' => '127.0.0.1'
    'SERVER_PORT' => '80'
    'REMOTE_ADDR' => '127.0.0.1'
    'DOCUMENT_ROOT' => 'W:/domains/lizadent'
    'REQUEST_SCHEME' => 'http'
    'CONTEXT_PREFIX' => ''
    'CONTEXT_DOCUMENT_ROOT' => 'W:/domains/lizadent'
    'SERVER_ADMIN' => '[no address given]'
    'SCRIPT_FILENAME' => 'W:/domains/lizadent/web/index.php'
    'REMOTE_PORT' => '13382'
    'GATEWAY_INTERFACE' => 'CGI/1.1'
    'SERVER_PROTOCOL' => 'HTTP/1.1'
    'REQUEST_METHOD' => 'GET'
    'QUERY_STRING' => ''
    'REQUEST_URI' => '/web/'
    'SCRIPT_NAME' => '/web/index.php'
    'PHP_SELF' => '/web/index.php'
    'REQUEST_TIME_FLOAT' => 1489936159.132
    'REQUEST_TIME' => 1489936159
    'argv' => []
    'argc' => 0
]
2017-03-19 18:09:30 [127.0.0.1][-][-][error][yii\web\HttpException:404] exception 'yii\base\InvalidRouteException' with message 'Unable to resolve the request "".' in W:\domains\lizadent\vendor\yiisoft\yii2\base\Module.php:532
Stack trace:
#0 W:\domains\lizadent\vendor\yiisoft\yii2\web\Application.php(102): yii\base\Module->runAction('', Array)
#1 W:\domains\lizadent\vendor\yiisoft\yii2\base\Application.php(380): yii\web\Application->handleRequest(Object(yii\web\Request))
#2 W:\domains\lizadent\web\index.php(12): yii\base\Application->run()
#3 {main}

Next exception 'yii\web\NotFoundHttpException' with message 'Page not found.' in W:\domains\lizadent\vendor\yiisoft\yii2\web\Application.php:114
Stack trace:
#0 W:\domains\lizadent\vendor\yiisoft\yii2\base\Application.php(380): yii\web\Application->handleRequest(Object(yii\web\Request))
#1 W:\domains\lizadent\web\index.php(12): yii\base\Application->run()
#2 {main}
2017-03-19 18:09:30 [127.0.0.1][-][-][info][application] $_COOKIE = [
    '_csrf' => 'd88f0fabaf98a205de8121465400f5d449ecde160a45a0b10e59ce2df7d8c21ca:2:{i:0;s:5:\"_csrf\";i:1;s:32:\"OJHuLqHa62w-JaQdIw97Tzrzq8M5kDqI\";}'
]

$_SERVER = [
    'REDIRECT_STATUS' => '200'
    'HTTP_HOST' => 'lizadent'
    'HTTP_CONNECTION' => 'keep-alive'
    'HTTP_UPGRADE_INSECURE_REQUESTS' => '1'
    'HTTP_USER_AGENT' => 'Mozilla/5.0 (Windows NT 6.1) AppleWebKit/537.36 (KHTML, like Gecko) Chrome/56.0.2924.87 Safari/537.36'
    'HTTP_ACCEPT' => 'text/html,application/xhtml+xml,application/xml;q=0.9,image/webp,*/*;q=0.8'
    'HTTP_ACCEPT_ENCODING' => 'gzip, deflate, sdch'
    'HTTP_ACCEPT_LANGUAGE' => 'ru-RU,ru;q=0.8,en-US;q=0.6,en;q=0.4'
    'HTTP_COOKIE' => '_csrf=d88f0fabaf98a205de8121465400f5d449ecde160a45a0b10e59ce2df7d8c21ca%3A2%3A%7Bi%3A0%3Bs%3A5%3A%22_csrf%22%3Bi%3A1%3Bs%3A32%3A%22OJHuLqHa62w-JaQdIw97Tzrzq8M5kDqI%22%3B%7D'
    'PATH' => 'w:\\modules\\php\\PHP-5.6\\ext;w:\\modules\\php\\PHP-5.6\\pear;w:\\modules\\php\\PHP-5.6\\pear\\bin;w:\\modules\\php\\PHP-5.6;w:\\modules\\imagemagick;w:\\modules\\wget\\bin;w:\\modules\\git;w:\\modules\\git\\bin;w:\\modules\\git\\mingw\\bin;w:\\modules\\git\\cmd;w:\\modules\\database\\MySQL-5.5\\bin;w:\\modules\\http\\Apache-2.4\\bin;w:\\modules\\http\\Apache-2.4;C:\\Windows\\system32;C:\\Windows;C:\\Windows\\system32\\Wbem'
    'SystemRoot' => 'C:\\Windows'
    'COMSPEC' => 'C:\\Windows\\system32\\cmd.exe'
    'PATHEXT' => '.COM;.EXE;.BAT;.CMD;.VBS;.VBE;.JS;.JSE;.WSF;.WSH;.MSC;.RB;.RBW'
    'WINDIR' => 'C:\\Windows'
    'SERVER_SIGNATURE' => ''
    'SERVER_SOFTWARE' => 'Apache'
    'SERVER_NAME' => 'lizadent'
    'SERVER_ADDR' => '127.0.0.1'
    'SERVER_PORT' => '80'
    'REMOTE_ADDR' => '127.0.0.1'
    'DOCUMENT_ROOT' => 'W:/domains/lizadent'
    'REQUEST_SCHEME' => 'http'
    'CONTEXT_PREFIX' => ''
    'CONTEXT_DOCUMENT_ROOT' => 'W:/domains/lizadent'
    'SERVER_ADMIN' => '[no address given]'
    'SCRIPT_FILENAME' => 'W:/domains/lizadent/web/index.php'
    'REMOTE_PORT' => '13396'
    'REDIRECT_URL' => '/'
    'GATEWAY_INTERFACE' => 'CGI/1.1'
    'SERVER_PROTOCOL' => 'HTTP/1.1'
    'REQUEST_METHOD' => 'GET'
    'QUERY_STRING' => ''
    'REQUEST_URI' => '/'
    'SCRIPT_NAME' => '/web/index.php'
    'PHP_SELF' => '/web/index.php'
    'REQUEST_TIME_FLOAT' => 1489936170.771
    'REQUEST_TIME' => 1489936170
    'argv' => []
    'argc' => 0
]
2017-03-19 18:09:32 [127.0.0.1][-][-][error][yii\web\HttpException:404] exception 'yii\base\InvalidRouteException' with message 'Unable to resolve the request "".' in W:\domains\lizadent\vendor\yiisoft\yii2\base\Module.php:532
Stack trace:
#0 W:\domains\lizadent\vendor\yiisoft\yii2\web\Application.php(102): yii\base\Module->runAction('', Array)
#1 W:\domains\lizadent\vendor\yiisoft\yii2\base\Application.php(380): yii\web\Application->handleRequest(Object(yii\web\Request))
#2 W:\domains\lizadent\web\index.php(12): yii\base\Application->run()
#3 {main}

Next exception 'yii\web\NotFoundHttpException' with message 'Page not found.' in W:\domains\lizadent\vendor\yiisoft\yii2\web\Application.php:114
Stack trace:
#0 W:\domains\lizadent\vendor\yiisoft\yii2\base\Application.php(380): yii\web\Application->handleRequest(Object(yii\web\Request))
#1 W:\domains\lizadent\web\index.php(12): yii\base\Application->run()
#2 {main}
2017-03-19 18:09:32 [127.0.0.1][-][-][info][application] $_COOKIE = [
    '_csrf' => 'd88f0fabaf98a205de8121465400f5d449ecde160a45a0b10e59ce2df7d8c21ca:2:{i:0;s:5:\"_csrf\";i:1;s:32:\"OJHuLqHa62w-JaQdIw97Tzrzq8M5kDqI\";}'
]

$_SERVER = [
    'REDIRECT_STATUS' => '200'
    'HTTP_HOST' => 'lizadent'
    'HTTP_CONNECTION' => 'keep-alive'
    'HTTP_CACHE_CONTROL' => 'max-age=0'
    'HTTP_UPGRADE_INSECURE_REQUESTS' => '1'
    'HTTP_USER_AGENT' => 'Mozilla/5.0 (Windows NT 6.1) AppleWebKit/537.36 (KHTML, like Gecko) Chrome/56.0.2924.87 Safari/537.36'
    'HTTP_ACCEPT' => 'text/html,application/xhtml+xml,application/xml;q=0.9,image/webp,*/*;q=0.8'
    'HTTP_ACCEPT_ENCODING' => 'gzip, deflate, sdch'
    'HTTP_ACCEPT_LANGUAGE' => 'ru-RU,ru;q=0.8,en-US;q=0.6,en;q=0.4'
    'HTTP_COOKIE' => '_csrf=d88f0fabaf98a205de8121465400f5d449ecde160a45a0b10e59ce2df7d8c21ca%3A2%3A%7Bi%3A0%3Bs%3A5%3A%22_csrf%22%3Bi%3A1%3Bs%3A32%3A%22OJHuLqHa62w-JaQdIw97Tzrzq8M5kDqI%22%3B%7D'
    'PATH' => 'w:\\modules\\php\\PHP-5.6\\ext;w:\\modules\\php\\PHP-5.6\\pear;w:\\modules\\php\\PHP-5.6\\pear\\bin;w:\\modules\\php\\PHP-5.6;w:\\modules\\imagemagick;w:\\modules\\wget\\bin;w:\\modules\\git;w:\\modules\\git\\bin;w:\\modules\\git\\mingw\\bin;w:\\modules\\git\\cmd;w:\\modules\\database\\MySQL-5.5\\bin;w:\\modules\\http\\Apache-2.4\\bin;w:\\modules\\http\\Apache-2.4;C:\\Windows\\system32;C:\\Windows;C:\\Windows\\system32\\Wbem'
    'SystemRoot' => 'C:\\Windows'
    'COMSPEC' => 'C:\\Windows\\system32\\cmd.exe'
    'PATHEXT' => '.COM;.EXE;.BAT;.CMD;.VBS;.VBE;.JS;.JSE;.WSF;.WSH;.MSC;.RB;.RBW'
    'WINDIR' => 'C:\\Windows'
    'SERVER_SIGNATURE' => ''
    'SERVER_SOFTWARE' => 'Apache'
    'SERVER_NAME' => 'lizadent'
    'SERVER_ADDR' => '127.0.0.1'
    'SERVER_PORT' => '80'
    'REMOTE_ADDR' => '127.0.0.1'
    'DOCUMENT_ROOT' => 'W:/domains/lizadent'
    'REQUEST_SCHEME' => 'http'
    'CONTEXT_PREFIX' => ''
    'CONTEXT_DOCUMENT_ROOT' => 'W:/domains/lizadent'
    'SERVER_ADMIN' => '[no address given]'
    'SCRIPT_FILENAME' => 'W:/domains/lizadent/web/index.php'
    'REMOTE_PORT' => '13397'
    'REDIRECT_URL' => '/'
    'GATEWAY_INTERFACE' => 'CGI/1.1'
    'SERVER_PROTOCOL' => 'HTTP/1.1'
    'REQUEST_METHOD' => 'GET'
    'QUERY_STRING' => ''
    'REQUEST_URI' => '/'
    'SCRIPT_NAME' => '/web/index.php'
    'PHP_SELF' => '/web/index.php'
    'REQUEST_TIME_FLOAT' => 1489936172.564
    'REQUEST_TIME' => 1489936172
    'argv' => []
    'argc' => 0
]
